{
  "RSpec": {
    "coverage": {
      "/home/patrick/Repos/cwa-cloud/spec/story_spec.rb": [
        1,
        0,
        null,
        0,
        0,
        0,
        0,
        null,
        null,
        null
      ],
      "/home/patrick/Repos/cwa-cloud/spec/rails_helper.rb": [
        null,
        1,
        1,
        1,
        1,
        null,
        1,
        null,
        null,
        1,
        1,
        null,
        null,
        null,
        null,
        null,
        null,
        null,
        null,
        null,
        null,
        null,
        null,
        null,
        null,
        null,
        null,
        null,
        null,
        null,
        null,
        1,
        null,
        0,
        0,
        null,
        0,
        null,
        0,
        null,
        null,
        null,
        null,
        0,
        null,
        null,
        null,
        null,
        null,
        null,
        null,
        null,
        null,
        null,
        null,
        null,
        null,
        null,
        0,
        null,
        null,
        0,
        null,
        null,
        null
      ],
      "/home/patrick/Repos/cwa-cloud/config/environment.rb": [
        null,
        1,
        null,
        null,
        1
      ],
      "/home/patrick/Repos/cwa-cloud/config/application.rb": [
        1,
        null,
        1,
        null,
        null,
        null,
        1,
        null,
        1,
        1,
        null,
        1,
        null,
        null,
        null,
        null,
        null,
        null,
        null
      ],
      "/home/patrick/Repos/cwa-cloud/config/boot.rb": [
        1,
        null,
        1,
        1
      ],
      "/home/patrick/Repos/cwa-cloud/config/environments/test.rb": [
        null,
        null,
        null,
        null,
        null,
        1,
        null,
        null,
        1,
        null,
        null,
        null,
        null,
        1,
        null,
        null,
        1,
        1,
        null,
        null,
        null,
        null,
        1,
        1,
        1,
        null,
        null,
        1,
        null,
        null,
        1,
        null,
        null,
        1,
        null,
        1,
        null,
        null,
        null,
        null,
        1,
        null,
        null,
        1,
        null,
        null,
        null,
        null,
        null,
        1,
        null,
        null,
        1,
        null,
        null,
        1,
        null
      ],
      "/home/patrick/Repos/cwa-cloud/config/initializers/application_controller_renderer.rb": [
        null,
        null,
        null,
        null,
        null,
        null,
        null,
        null
      ],
      "/home/patrick/Repos/cwa-cloud/config/initializers/assets.rb": [
        null,
        null,
        null,
        1,
        null,
        null,
        null,
        null,
        1,
        null,
        null,
        null,
        null,
        null
      ],
      "/home/patrick/Repos/cwa-cloud/config/initializers/backtrace_silencers.rb": [
        null,
        null,
        null,
        null,
        null,
        null,
        null
      ],
      "/home/patrick/Repos/cwa-cloud/config/initializers/content_security_policy.rb": [
        null,
        null,
        null,
        null,
        null,
        null,
        null,
        null,
        null,
        null,
        null,
        null,
        null,
        null,
        null,
        null,
        null,
        null,
        null,
        null,
        null,
        null,
        null,
        null,
        null,
        null,
        null,
        null,
        null,
        null
      ],
      "/home/patrick/Repos/cwa-cloud/config/initializers/cookies_serializer.rb": [
        null,
        null,
        null,
        null,
        1
      ],
      "/home/patrick/Repos/cwa-cloud/config/initializers/filter_parameter_logging.rb": [
        null,
        null,
        null,
        1
      ],
      "/home/patrick/Repos/cwa-cloud/config/initializers/google_sign_in.rb": [
        null,
        null,
        1,
        1,
        1,
        null
      ],
      "/home/patrick/Repos/cwa-cloud/config/initializers/inflections.rb": [
        null,
        null,
        null,
        null,
        null,
        null,
        null,
        null,
        null,
        null,
        null,
        null,
        null,
        null,
        null,
        null
      ],
      "/home/patrick/Repos/cwa-cloud/config/initializers/mime_types.rb": [
        null,
        null,
        null,
        null
      ],
      "/home/patrick/Repos/cwa-cloud/config/initializers/wrap_parameters.rb": [
        null,
        null,
        null,
        null,
        null,
        null,
        1,
        2,
        null,
        null,
        null,
        null,
        null,
        null
      ],
      "/home/patrick/Repos/cwa-cloud/config/routes.rb": [
        1,
        null,
        null,
        1,
        1,
        1,
        null,
        null,
        1,
        1,
        null
      ],
      "/home/patrick/Repos/cwa-cloud/app/helpers/application_helper.rb": [
        1,
        null
      ],
      "/home/patrick/Repos/cwa-cloud/app/helpers/story_helper.rb": [
        1,
        null
      ],
      "/home/patrick/Repos/cwa-cloud/app/models/application_record.rb": [
        1,
        1,
        null
      ]
    },
    "timestamp": 1571460777
  }
}
